<?xml version="1.0" encoding="UTF-8"?>
<!-- Generated by org.testng.reporters.JUnitXMLReporter -->
<testsuite ignored="0" hostname="COGNINE-L220" failures="0" tests="3" name="Default test" time="12.181" errors="0" timestamp="2025-03-16T11:31:10 IST">
  <testcase classname="Screenshots.Class2" name="launchURL" time="1.764"/>
  <testcase classname="Screenshots.Class1" name="LaunchURL" time="8.048"/>
  <testcase classname="Screenshots.Class1" name="Admin" time="2.294"/>
</testsuite> <!-- Default test -->
