<?xml version="1.0" encoding="UTF-8"?>
<!-- Generated by org.testng.reporters.JUnitXMLReporter -->
<testsuite ignored="0" hostname="COGNINE-L220" failures="0" tests="3" name="Default test" time="9.978" errors="0" timestamp="2025-04-14T22:29:47 IST">
  <testcase classname="Screenshots.Class2" name="launchURL" time="1.721"/>
  <testcase classname="Screenshots.Class1" name="LaunchURL" time="5.869"/>
  <testcase classname="Screenshots.Class1" name="Admin" time="2.322"/>
</testsuite> <!-- Default test -->
