<?xml version="1.0" encoding="UTF-8"?>
<testng-results ignored="0" total="1" passed="1" failed="0" skipped="0">
  <reporter-output>
  </reporter-output>
  <suite started-at="2025-03-14T12:54:34 IST" name="Surefire suite" finished-at="2025-03-14T12:54:34 IST" duration-ms="41">
    <groups>
    </groups>
    <test started-at="2025-03-14T12:54:34 IST" name="Surefire test" finished-at="2025-03-14T12:54:34 IST" duration-ms="41">
      <class name="automation.project_01.TestNG1">
        <test-method signature="testMethod()[pri:0, instance:automation.project_01.TestNG1@2bbf180e]" started-at="2025-03-14T12:54:34 IST" name="testMethod" finished-at="2025-03-14T12:54:34 IST" duration-ms="5" status="PASS">
          <reporter-output>
          </reporter-output>
        </test-method> <!-- testMethod -->
      </class> <!-- automation.project_01.TestNG1 -->
    </test> <!-- Surefire test -->
  </suite> <!-- Surefire suite -->
</testng-results>
