<?xml version="1.0" encoding="UTF-8"?>
<testng-results ignored="0" total="2" passed="2" failed="0" skipped="0">
  <reporter-output>
  </reporter-output>
  <suite started-at="2025-04-15T15:22:58 IST" name="Surefire suite" finished-at="2025-04-15T15:23:01 IST" duration-ms="3567">
    <groups>
    </groups>
    <test started-at="2025-04-15T15:22:58 IST" name="Surefire test" finished-at="2025-04-15T15:23:01 IST" duration-ms="3567">
      <class name="TestNG.Testannotations">
        <test-method is-config="true" signature="openbrowser()[pri:0, instance:TestNG.Testannotations@61230f6a]" started-at="2025-04-15T15:22:58 IST" name="openbrowser" finished-at="2025-04-15T15:22:59 IST" duration-ms="1671" status="PASS">
          <reporter-output>
          </reporter-output>
        </test-method> <!-- openbrowser -->
        <test-method signature="test()[pri:0, instance:TestNG.Testannotations@61230f6a]" started-at="2025-04-15T15:22:59 IST" name="test" finished-at="2025-04-15T15:23:01 IST" duration-ms="1601" status="PASS">
          <reporter-output>
          </reporter-output>
        </test-method> <!-- test -->
        <test-method is-config="true" signature="closebrowser()[pri:0, instance:TestNG.Testannotations@61230f6a]" started-at="2025-04-15T15:23:01 IST" name="closebrowser" finished-at="2025-04-15T15:23:01 IST" duration-ms="240" status="PASS">
          <reporter-output>
          </reporter-output>
        </test-method> <!-- closebrowser -->
      </class> <!-- TestNG.Testannotations -->
      <class name="automation.project_01.TestNG1">
        <test-method signature="testMethod()[pri:0, instance:automation.project_01.TestNG1@2b6faea6]" started-at="2025-04-15T15:22:59 IST" name="testMethod" finished-at="2025-04-15T15:22:59 IST" duration-ms="2" status="PASS">
          <reporter-output>
          </reporter-output>
        </test-method> <!-- testMethod -->
      </class> <!-- automation.project_01.TestNG1 -->
    </test> <!-- Surefire test -->
  </suite> <!-- Surefire suite -->
</testng-results>
