<?xml version="1.0" encoding="UTF-8"?>
<testng-results ignored="0" total="3" passed="3" failed="0" skipped="0">
  <reporter-output>
  </reporter-output>
  <suite started-at="2025-04-14T22:29:37 IST" name="Default suite" finished-at="2025-04-14T22:29:47 IST" duration-ms="9978">
    <groups>
    </groups>
    <test started-at="2025-04-14T22:29:37 IST" name="Default test" finished-at="2025-04-14T22:29:47 IST" duration-ms="9978">
      <class name="Screenshots.Class1">
        <test-method signature="launchURL()[pri:0, instance:Screenshots.Class1@71d44a3]" started-at="2025-04-14T22:29:37 IST" name="launchURL" finished-at="2025-04-14T22:29:38 IST" duration-ms="1721" status="PASS">
          <reporter-output>
          </reporter-output>
        </test-method> <!-- launchURL -->
        <test-method signature="LaunchURL()[pri:1, instance:Screenshots.Class1@71d44a3]" started-at="2025-04-14T22:29:38 IST" name="LaunchURL" finished-at="2025-04-14T22:29:44 IST" duration-ms="5869" status="PASS">
          <reporter-output>
          </reporter-output>
        </test-method> <!-- LaunchURL -->
        <test-method signature="Admin()[pri:2, instance:Screenshots.Class1@71d44a3]" started-at="2025-04-14T22:29:44 IST" name="Admin" finished-at="2025-04-14T22:29:47 IST" duration-ms="2322" status="PASS">
          <reporter-output>
          </reporter-output>
        </test-method> <!-- Admin -->
      </class> <!-- Screenshots.Class1 -->
    </test> <!-- Default test -->
  </suite> <!-- Default suite -->
</testng-results>
